<?xml version="1.0" encoding="UTF-8"?>
<coverage generated="1494365121133" clover="3.2.0">
  <project timestamp="1494365121134" name="All files">
    <metrics statements="10" coveredstatements="10" conditionals="0" coveredconditionals="0" methods="2" coveredmethods="2" elements="12" coveredelements="12" complexity="0" loc="10" ncloc="10" packages="1" files="2" classes="2">
      <file name="Search.js" path="/Users/khayyam/Projects/React/animated-spoon/js/Search.js">
        <metrics statements="6" coveredstatements="6" conditionals="0" coveredconditionals="0" methods="2" coveredmethods="2"/>
        <line num="5" count="1" type="stmt"/>
        <line num="7" count="3" type="stmt"/>
        <line num="12" count="1" type="stmt"/>
        <line num="15" count="4" type="stmt"/>
        <line num="29" count="84" type="stmt"/>
        <line num="32" count="65" type="stmt"/>
      </file>
      <file name="ShowCard.js" path="/Users/khayyam/Projects/React/animated-spoon/js/ShowCard.js">
        <metrics statements="4" coveredstatements="4" conditionals="0" coveredconditionals="0" methods="0" coveredmethods="0"/>
        <line num="3" count="2" type="stmt"/>
        <line num="5" count="2" type="stmt"/>
        <line num="14" count="1" type="stmt"/>
        <line num="15" count="1" type="stmt"/>
      </file>
    </metrics>
  </project>
</coverage>
